{"level":"info","message":"Server is running on 3000 and start listening...."}
{"level":"info","message":"Server is running on 3000 and start listening...."}
{"level":"info","message":"Server is running on 3000 and start listening...."}
{"level":"info","message":"Server is running on 3000 and start listening...."}
{"level":"info","message":"Server is running on 3000 and start listening...."}
{"level":"info","message":"Server is running on 3000 and start listening...."}
{"level":"info","message":"Server is running on 3000 and start listening...."}
{"level":"info","message":"Server is running on 3000 and start listening...."}
{"level":"info","message":"Server is running on 3000 and start listening...."}
{"level":"info","message":"Server is running on 3000 and start listening...."}
{"level":"info","message":"Server is running on 3000 and start listening...."}
{"level":"info","message":"Server is running on 3000 and start listening...."}
{"level":"info","message":"Server is running on 3000 and start listening...."}
{"level":"info","message":"Server is running on 3000 and start listening...."}
{"level":"info","message":"Server is running on 3000 and start listening...."}
{"level":"info","message":"Server is running on 3000 and start listening...."}
{"level":"info","message":"Server is running on 3000 and start listening...."}
{"level":"info","message":"Server is running on 3000 and start listening...."}
{"level":"info","message":"Server is running on 3000 and start listening...."}
{"level":"info","message":"Server is running on 3000 and start listening...."}
{"level":"info","message":"Server is running on 3000 and start listening...."}
{"level":"info","message":"Server is running on 3000 and start listening...."}
{"level":"info","message":"Server is running on 3000 and start listening...."}
{"level":"info","message":"Server is running on 3000 and start listening...."}
{"level":"info","message":"::1 - - [06/Apr/2022:20:53:58 +0000] \"POST /products HTTP/1.1\" 201 38 \"-\" \"PostmanRuntime/7.26.8\"\n"}
{"level":"info","message":"Server is running on 3000 and start listening...."}
{"level":"info","message":"Server is running on 3000 and start listening...."}
{"level":"info","message":"Server is running on 3000 and start listening...."}
{"level":"info","message":"Server is running on 3000 and start listening...."}
{"level":"info","message":"Server is running on 3000 and start listening...."}
{"level":"info","message":"Server is running on 3000 and start listening...."}
{"level":"info","message":"Server is running on 3000 and start listening...."}
{"level":"info","message":"Server is running on 3000 and start listening...."}
{"level":"info","message":"Server is running on 3000 and start listening...."}
{"level":"info","message":"Server is running on 3000 and start listening...."}
{"level":"info","message":"::1 - - [06/Apr/2022:20:57:17 +0000] \"POST /products HTTP/1.1\" 201 19 \"-\" \"PostmanRuntime/7.26.8\"\n"}
{"level":"info","message":"Server is running on 3000 and start listening...."}
{"level":"info","message":"Server is running on 3000 and start listening...."}
{"level":"info","message":"Server is running on 3000 and start listening...."}
{"level":"info","message":"Server is running on 3000 and start listening...."}
{"level":"info","message":"Server is running on 3000 and start listening...."}
{"level":"info","message":"Server is running on 3000 and start listening...."}
{"level":"info","message":"Server is running on 3000 and start listening...."}
{"level":"info","message":"Server is running on 3000 and start listening...."}
{"level":"info","message":"::1 - - [06/Apr/2022:20:58:19 +0000] \"POST /products HTTP/1.1\" 201 19 \"-\" \"PostmanRuntime/7.26.8\"\n"}
{"level":"info","message":"::1 - - [06/Apr/2022:20:59:04 +0000] \"POST /products HTTP/1.1\" 400 1110 \"-\" \"PostmanRuntime/7.26.8\"\n"}
{"level":"info","message":"::1 - - [06/Apr/2022:20:59:09 +0000] \"POST /products HTTP/1.1\" 400 70 \"-\" \"PostmanRuntime/7.26.8\"\n"}
{"level":"info","message":"::1 - - [06/Apr/2022:20:59:13 +0000] \"POST /products HTTP/1.1\" 400 1110 \"-\" \"PostmanRuntime/7.26.8\"\n"}
{"level":"info","message":"Server is running on 3000 and start listening...."}
{"level":"info","message":"Server is running on 3000 and start listening...."}
{"level":"info","message":"Server is running on 3000 and start listening...."}
{"level":"info","message":"::1 - - [06/Apr/2022:21:02:21 +0000] \"POST /products HTTP/1.1\" 400 1110 \"-\" \"PostmanRuntime/7.26.8\"\n"}
{"level":"info","message":"Server is running on 3000 and start listening...."}
{"level":"info","message":"Server is running on 3000 and start listening...."}
{"level":"info","message":"::1 - - [06/Apr/2022:21:34:41 +0000] \"POST /products HTTP/1.1\" 400 1142 \"-\" \"PostmanRuntime/7.26.8\"\n"}
{"level":"info","message":"::1 - - [06/Apr/2022:21:34:47 +0000] \"POST /products HTTP/1.1\" 400 70 \"-\" \"PostmanRuntime/7.26.8\"\n"}
{"level":"info","message":"Server is running on 3000 and start listening...."}
{"level":"info","message":"Server is running on 3000 and start listening...."}
{"level":"info","message":"Server is running on 3000 and start listening...."}
{"level":"info","message":"Server is running on 3000 and start listening...."}
{"level":"info","message":"Server is running on 3000 and start listening...."}
{"level":"info","message":"Server is running on 3000 and start listening...."}
{"level":"info","message":"Server is running on 3000 and start listening...."}
{"level":"info","message":"Server is running on 3000 and start listening...."}
{"level":"info","message":"Server is running on 3000 and start listening...."}
{"level":"info","message":"Server is running on 3000 and start listening...."}
{"level":"info","message":"Server is running on 3000 and start listening...."}
{"level":"info","message":"Server is running on 3000 and start listening...."}
{"level":"info","message":"Server is running on 3000 and start listening...."}
{"level":"info","message":"Server is running on 3000 and start listening...."}
{"level":"info","message":"Server is running on 3000 and start listening...."}
{"level":"info","message":"Server is running on 3000 and start listening...."}
{"level":"info","message":"Server is running on 3000 and start listening...."}
{"level":"info","message":"Server is running on 3000 and start listening...."}
{"level":"info","message":"Server is running on 3000 and start listening...."}
{"level":"info","message":"Server is running on 3000 and start listening...."}
{"level":"info","message":"Server is running on 3000 and start listening...."}
{"level":"info","message":"Server is running on 3000 and start listening...."}
{"level":"info","message":"Server is running on 3000 and start listening...."}
{"level":"info","message":"Server is running on 3000 and start listening...."}
{"level":"info","message":"Server is running on 3000 and start listening...."}
{"level":"info","message":"Server is running on 3000 and start listening...."}
{"level":"info","message":"Server is running on 3000 and start listening...."}
{"level":"info","message":"Server is running on 3000 and start listening...."}
{"level":"info","message":"Server is running on 3000 and start listening...."}
{"level":"info","message":"::1 - - [06/Apr/2022:21:44:39 +0000] \"POST /products HTTP/1.1\" 400 70 \"-\" \"PostmanRuntime/7.26.8\"\n"}
{"level":"info","message":"::1 - - [06/Apr/2022:21:44:46 +0000] \"POST /products/asfasf HTTP/1.1\" 404 60 \"-\" \"PostmanRuntime/7.26.8\"\n"}
{"level":"info","message":"::1 - - [06/Apr/2022:21:44:48 +0000] \"POST /products/asfasf HTTP/1.1\" 404 60 \"-\" \"PostmanRuntime/7.26.8\"\n"}
{"level":"info","message":"::1 - - [06/Apr/2022:21:44:51 +0000] \"POST /prkugj HTTP/1.1\" 404 60 \"-\" \"PostmanRuntime/7.26.8\"\n"}
{"level":"info","message":"::1 - - [06/Apr/2022:21:44:53 +0000] \"POST /prkugj HTTP/1.1\" 404 60 \"-\" \"PostmanRuntime/7.26.8\"\n"}
{"level":"info","message":"Server is running on 3000 and start listening...."}
{"level":"info","message":"Server is running on 3000 and start listening...."}
{"level":"info","message":"Server is running on 3000 and start listening...."}
{"level":"info","message":"Server is running on 3000 and start listening...."}
{"level":"info","message":"Server is running on 3000 and start listening...."}
{"level":"info","message":"Server is running on 3000 and start listening...."}
{"level":"info","message":"Server is running on 3000 and start listening...."}
{"level":"info","message":"Server is running on 3000 and start listening...."}
{"level":"info","message":"Server is running on 3000 and start listening...."}
{"level":"info","message":"::1 - - [06/Apr/2022:21:46:21 +0000] \"POST /prkugj HTTP/1.1\" 404 60 \"-\" \"PostmanRuntime/7.26.8\"\n"}
{"level":"info","message":"::1 - - [06/Apr/2022:21:46:26 +0000] \"POST /products HTTP/1.1\" 400 70 \"-\" \"PostmanRuntime/7.26.8\"\n"}
{"level":"info","message":"::1 - - [06/Apr/2022:21:46:32 +0000] \"GET /producasfa HTTP/1.1\" 404 60 \"-\" \"PostmanRuntime/7.26.8\"\n"}
{"level":"info","message":"Server is running on 3000 and start listening...."}
{"level":"info","message":"Server is running on 3000 and start listening...."}
{"level":"info","message":"Server is running on 3000 and start listening...."}
{"level":"info","message":"Server is running on 3000 and start listening...."}
{"level":"info","message":"Server is running on 3000 and start listening...."}
{"level":"info","message":"::1 - - [06/Apr/2022:21:47:37 +0000] \"GET /products HTTP/1.1\" 404 60 \"-\" \"PostmanRuntime/7.26.8\"\n"}
{"level":"info","message":"::1 - - [06/Apr/2022:21:47:40 +0000] \"GET /products HTTP/1.1\" 404 60 \"-\" \"PostmanRuntime/7.26.8\"\n"}
{"level":"info","message":"Server is running on 3000 and start listening...."}
{"level":"info","message":"Server is running on 3000 and start listening...."}
{"level":"info","message":"Server is running on 3000 and start listening...."}
{"level":"info","message":"Server is running on 3000 and start listening...."}
{"level":"info","message":"::1 - - [06/Apr/2022:21:48:25 +0000] \"GET /products HTTP/1.1\" 404 60 \"-\" \"PostmanRuntime/7.26.8\"\n"}
{"level":"info","message":"::1 - - [06/Apr/2022:21:48:27 +0000] \"GET /products HTTP/1.1\" 404 60 \"-\" \"PostmanRuntime/7.26.8\"\n"}
{"level":"info","message":"Server is running on 3000 and start listening...."}
{"level":"info","message":"Server is running on 3000 and start listening...."}
{"level":"info","message":"Server is running on 3000 and start listening...."}
{"level":"info","message":"::1 - - [06/Apr/2022:21:48:53 +0000] \"GET /products HTTP/1.1\" 404 60 \"-\" \"PostmanRuntime/7.26.8\"\n"}
{"level":"info","message":"::1 - - [06/Apr/2022:21:49:01 +0000] \"POST /products HTTP/1.1\" 201 19 \"-\" \"PostmanRuntime/7.26.8\"\n"}
{"level":"info","message":"Server is running on 3000 and start listening...."}
